<?xml version="1.0" encoding="UTF-8"?>
<!-- Generated by org.testng.reporters.JUnitXMLReporter -->
<testsuite ignored="1" hostname="BHAGAVATH" failures="0" tests="9" name="Test" time="124.244" errors="0" timestamp="2025-04-05T00:55:48 IST">
  <testcase classname="Tests.LoginPage" name="verifyUrl" time="6.496"/>
  <testcase classname="Tests.ValidLogin" name="ValidDetails_1" time="3.425"/>
  <testcase classname="Tests.AddEmployee" name="addEmpNavigation" time="5.409"/>
  <testcase classname="Tests.AddEmployee" name="fillEmpDetails" time="9.451"/>
  <testcase classname="Tests.AddEmployee" name="fillEmpDetails" time="9.32"/>
  <testcase classname="Tests.AddEmployee" name="fillEmpDetails" time="9.702"/>
  <testcase classname="Tests.AddEmployee" name="fillEmpDetails" time="9.331"/>
  <testcase classname="Tests.AddEmployee" name="fillEmpDetails" time="9.378"/>
  <testcase classname="Tests.SearchEmployee" name="verifyEmployee" time="61.651"/>
  <testcase classname="Tests.LoginPage" name="urlResponseTime" time="0.0">
    <ignored/>
  </testcase> <!-- urlResponseTime -->
</testsuite> <!-- Test -->
