<?xml version="1.0" encoding="UTF-8"?>
<!-- Generated by org.testng.reporters.JUnitXMLReporter -->
<testsuite ignored="1" hostname="BHAGAVATH" failures="0" tests="9" name="Test" time="125.454" errors="0" timestamp="2025-04-05T08:39:22 IST">
  <testcase classname="Tests.LoginPage" name="verifyUrl" time="7.994"/>
  <testcase classname="Tests.ValidLogin" name="ValidDetails_1" time="2.489"/>
  <testcase classname="Tests.AddEmployee" name="addEmpNavigation" time="6.029"/>
  <testcase classname="Tests.AddEmployee" name="fillEmpDetails" time="9.396"/>
  <testcase classname="Tests.AddEmployee" name="fillEmpDetails" time="9.388"/>
  <testcase classname="Tests.AddEmployee" name="fillEmpDetails" time="9.471"/>
  <testcase classname="Tests.AddEmployee" name="fillEmpDetails" time="9.301"/>
  <testcase classname="Tests.AddEmployee" name="fillEmpDetails" time="9.799"/>
  <testcase classname="Tests.SearchEmployee" name="verifyEmployee" time="61.478"/>
  <testcase classname="Tests.LoginPage" name="urlResponseTime" time="0.0">
    <ignored/>
  </testcase> <!-- urlResponseTime -->
</testsuite> <!-- Test -->
