<?xml version="1.0" encoding="UTF-8"?>
<testng-results ignored="1" total="10" passed="9" failed="0" skipped="0">
  <reporter-output>
  </reporter-output>
  <suite started-at="2025-04-05T00:53:43 IST" name="Suite" finished-at="2025-04-05T00:55:48 IST" duration-ms="124244">
    <groups>
    </groups>
    <test started-at="2025-04-05T00:53:43 IST" name="Test" finished-at="2025-04-05T00:55:48 IST" duration-ms="124244">
      <class name="Tests.LoginPage">
        <test-method signature="verifyUrl()[pri:1, instance:Tests.LoginPage@342c38f8]" started-at="2025-04-05T00:53:43 IST" name="verifyUrl" finished-at="2025-04-05T00:53:50 IST" duration-ms="6496" status="PASS">
          <reporter-output>
          </reporter-output>
        </test-method> <!-- verifyUrl -->
      </class> <!-- Tests.LoginPage -->
      <class name="Tests.ValidLogin">
        <test-method signature="ValidDetails_1()[pri:0, instance:Tests.ValidLogin@550dbc7a]" started-at="2025-04-05T00:53:50 IST" name="ValidDetails_1" finished-at="2025-04-05T00:53:53 IST" duration-ms="3425" status="PASS">
          <reporter-output>
          </reporter-output>
        </test-method> <!-- ValidDetails_1 -->
      </class> <!-- Tests.ValidLogin -->
      <class name="Tests.SearchEmployee">
        <test-method signature="verifyEmployee()[pri:0, instance:Tests.SearchEmployee@16eb3ea3]" started-at="2025-04-05T00:54:46 IST" name="verifyEmployee" finished-at="2025-04-05T00:55:48 IST" duration-ms="61651" status="PASS">
          <reporter-output>
          </reporter-output>
        </test-method> <!-- verifyEmployee -->
      </class> <!-- Tests.SearchEmployee -->
      <class name="Tests.AddEmployee">
        <test-method is-config="true" signature="initialize()[pri:0, instance:Tests.AddEmployee@4be29ed9]" started-at="2025-04-05T00:53:53 IST" name="initialize" finished-at="2025-04-05T00:53:53 IST" duration-ms="2" status="PASS">
          <reporter-output>
          </reporter-output>
        </test-method> <!-- initialize -->
        <test-method signature="addEmpNavigation()[pri:1, instance:Tests.AddEmployee@4be29ed9]" started-at="2025-04-05T00:53:53 IST" name="addEmpNavigation" finished-at="2025-04-05T00:53:59 IST" duration-ms="5409" status="PASS">
          <reporter-output>
          </reporter-output>
        </test-method> <!-- addEmpNavigation -->
        <test-method is-config="true" signature="initialize()[pri:0, instance:Tests.AddEmployee@4be29ed9]" started-at="2025-04-05T00:53:59 IST" name="initialize" finished-at="2025-04-05T00:53:59 IST" duration-ms="1" status="PASS">
          <reporter-output>
          </reporter-output>
        </test-method> <!-- initialize -->
        <test-method signature="fillEmpDetails(java.lang.String,java.lang.String,java.lang.String,java.lang.String)[pri:2, instance:Tests.AddEmployee@4be29ed9]" started-at="2025-04-05T00:53:59 IST" name="fillEmpDetails" data-provider="employeeDetails" finished-at="2025-04-05T00:54:08 IST" duration-ms="9451" status="PASS">
          <params>
            <param index="0">
              <value>
                <![CDATA[Surya]]>
              </value>
            </param>
            <param index="1">
              <value>
                <![CDATA[]]>
              </value>
            </param>
            <param index="2">
              <value>
                <![CDATA[kumar]]>
              </value>
            </param>
            <param index="3">
              <value>
                <![CDATA[EMP_001]]>
              </value>
            </param>
          </params>
          <reporter-output>
          </reporter-output>
        </test-method> <!-- fillEmpDetails -->
        <test-method is-config="true" signature="initialize()[pri:0, instance:Tests.AddEmployee@4be29ed9]" started-at="2025-04-05T00:54:08 IST" name="initialize" finished-at="2025-04-05T00:54:08 IST" duration-ms="1" status="PASS">
          <reporter-output>
          </reporter-output>
        </test-method> <!-- initialize -->
        <test-method signature="fillEmpDetails(java.lang.String,java.lang.String,java.lang.String,java.lang.String)[pri:2, instance:Tests.AddEmployee@4be29ed9]" started-at="2025-04-05T00:54:08 IST" name="fillEmpDetails" data-provider="employeeDetails" finished-at="2025-04-05T00:54:18 IST" duration-ms="9320" status="PASS">
          <params>
            <param index="0">
              <value>
                <![CDATA[Suresh]]>
              </value>
            </param>
            <param index="1">
              <value>
                <![CDATA[]]>
              </value>
            </param>
            <param index="2">
              <value>
                <![CDATA[kumar]]>
              </value>
            </param>
            <param index="3">
              <value>
                <![CDATA[EMP_002]]>
              </value>
            </param>
          </params>
          <reporter-output>
          </reporter-output>
        </test-method> <!-- fillEmpDetails -->
        <test-method is-config="true" signature="initialize()[pri:0, instance:Tests.AddEmployee@4be29ed9]" started-at="2025-04-05T00:54:18 IST" name="initialize" finished-at="2025-04-05T00:54:18 IST" duration-ms="1" status="PASS">
          <reporter-output>
          </reporter-output>
        </test-method> <!-- initialize -->
        <test-method signature="fillEmpDetails(java.lang.String,java.lang.String,java.lang.String,java.lang.String)[pri:2, instance:Tests.AddEmployee@4be29ed9]" started-at="2025-04-05T00:54:18 IST" name="fillEmpDetails" data-provider="employeeDetails" finished-at="2025-04-05T00:54:27 IST" duration-ms="9702" status="PASS">
          <params>
            <param index="0">
              <value>
                <![CDATA[Ramesh]]>
              </value>
            </param>
            <param index="1">
              <value>
                <![CDATA[]]>
              </value>
            </param>
            <param index="2">
              <value>
                <![CDATA[kumar]]>
              </value>
            </param>
            <param index="3">
              <value>
                <![CDATA[EMP_003]]>
              </value>
            </param>
          </params>
          <reporter-output>
          </reporter-output>
        </test-method> <!-- fillEmpDetails -->
        <test-method is-config="true" signature="initialize()[pri:0, instance:Tests.AddEmployee@4be29ed9]" started-at="2025-04-05T00:54:27 IST" name="initialize" finished-at="2025-04-05T00:54:27 IST" duration-ms="0" status="PASS">
          <reporter-output>
          </reporter-output>
        </test-method> <!-- initialize -->
        <test-method signature="fillEmpDetails(java.lang.String,java.lang.String,java.lang.String,java.lang.String)[pri:2, instance:Tests.AddEmployee@4be29ed9]" started-at="2025-04-05T00:54:27 IST" name="fillEmpDetails" data-provider="employeeDetails" finished-at="2025-04-05T00:54:37 IST" duration-ms="9331" status="PASS">
          <params>
            <param index="0">
              <value>
                <![CDATA[Rajesh]]>
              </value>
            </param>
            <param index="1">
              <value>
                <![CDATA[]]>
              </value>
            </param>
            <param index="2">
              <value>
                <![CDATA[kumar]]>
              </value>
            </param>
            <param index="3">
              <value>
                <![CDATA[EMP_004]]>
              </value>
            </param>
          </params>
          <reporter-output>
          </reporter-output>
        </test-method> <!-- fillEmpDetails -->
        <test-method is-config="true" signature="initialize()[pri:0, instance:Tests.AddEmployee@4be29ed9]" started-at="2025-04-05T00:54:37 IST" name="initialize" finished-at="2025-04-05T00:54:37 IST" duration-ms="0" status="PASS">
          <reporter-output>
          </reporter-output>
        </test-method> <!-- initialize -->
        <test-method signature="fillEmpDetails(java.lang.String,java.lang.String,java.lang.String,java.lang.String)[pri:2, instance:Tests.AddEmployee@4be29ed9]" started-at="2025-04-05T00:54:37 IST" name="fillEmpDetails" data-provider="employeeDetails" finished-at="2025-04-05T00:54:46 IST" duration-ms="9378" status="PASS">
          <params>
            <param index="0">
              <value>
                <![CDATA[Ramesh]]>
              </value>
            </param>
            <param index="1">
              <value>
                <![CDATA[sachin]]>
              </value>
            </param>
            <param index="2">
              <value>
                <![CDATA[Tendulkar]]>
              </value>
            </param>
            <param index="3">
              <value>
                <![CDATA[EMP005]]>
              </value>
            </param>
          </params>
          <reporter-output>
          </reporter-output>
        </test-method> <!-- fillEmpDetails -->
      </class> <!-- Tests.AddEmployee -->
    </test> <!-- Test -->
  </suite> <!-- Suite -->
</testng-results>
