<?xml version="1.0" encoding="UTF-8"?>
<testng-results ignored="1" total="10" passed="9" failed="0" skipped="0">
  <reporter-output>
  </reporter-output>
  <suite started-at="2025-04-05T08:37:16 IST" name="Suite" finished-at="2025-04-05T08:39:22 IST" duration-ms="125454">
    <groups>
    </groups>
    <test started-at="2025-04-05T08:37:16 IST" name="Test" finished-at="2025-04-05T08:39:22 IST" duration-ms="125454">
      <class name="Tests.LoginPage">
        <test-method signature="verifyUrl()[pri:1, instance:Tests.LoginPage@618425b5]" started-at="2025-04-05T08:37:16 IST" name="verifyUrl" finished-at="2025-04-05T08:37:24 IST" duration-ms="7994" status="PASS">
          <reporter-output>
          </reporter-output>
        </test-method> <!-- verifyUrl -->
      </class> <!-- Tests.LoginPage -->
      <class name="Tests.ValidLogin">
        <test-method signature="ValidDetails_1()[pri:0, instance:Tests.ValidLogin@57cf54e1]" started-at="2025-04-05T08:37:24 IST" name="ValidDetails_1" finished-at="2025-04-05T08:37:27 IST" duration-ms="2489" status="PASS">
          <reporter-output>
          </reporter-output>
        </test-method> <!-- ValidDetails_1 -->
      </class> <!-- Tests.ValidLogin -->
      <class name="Tests.SearchEmployee">
        <test-method signature="verifyEmployee()[pri:0, instance:Tests.SearchEmployee@4b29d1d2]" started-at="2025-04-05T08:38:20 IST" name="verifyEmployee" finished-at="2025-04-05T08:39:22 IST" duration-ms="61478" status="PASS">
          <reporter-output>
          </reporter-output>
        </test-method> <!-- verifyEmployee -->
      </class> <!-- Tests.SearchEmployee -->
      <class name="Tests.AddEmployee">
        <test-method is-config="true" signature="initialize()[pri:0, instance:Tests.AddEmployee@5d0bf09b]" started-at="2025-04-05T08:37:27 IST" name="initialize" finished-at="2025-04-05T08:37:27 IST" duration-ms="2" status="PASS">
          <reporter-output>
          </reporter-output>
        </test-method> <!-- initialize -->
        <test-method signature="addEmpNavigation()[pri:1, instance:Tests.AddEmployee@5d0bf09b]" started-at="2025-04-05T08:37:27 IST" name="addEmpNavigation" finished-at="2025-04-05T08:37:33 IST" duration-ms="6029" status="PASS">
          <reporter-output>
          </reporter-output>
        </test-method> <!-- addEmpNavigation -->
        <test-method is-config="true" signature="initialize()[pri:0, instance:Tests.AddEmployee@5d0bf09b]" started-at="2025-04-05T08:37:33 IST" name="initialize" finished-at="2025-04-05T08:37:33 IST" duration-ms="2" status="PASS">
          <reporter-output>
          </reporter-output>
        </test-method> <!-- initialize -->
        <test-method signature="fillEmpDetails(java.lang.String,java.lang.String,java.lang.String,java.lang.String)[pri:2, instance:Tests.AddEmployee@5d0bf09b]" started-at="2025-04-05T08:37:33 IST" name="fillEmpDetails" data-provider="employeeDetails" finished-at="2025-04-05T08:37:42 IST" duration-ms="9396" status="PASS">
          <params>
            <param index="0">
              <value>
                <![CDATA[Surya]]>
              </value>
            </param>
            <param index="1">
              <value>
                <![CDATA[]]>
              </value>
            </param>
            <param index="2">
              <value>
                <![CDATA[kumar]]>
              </value>
            </param>
            <param index="3">
              <value>
                <![CDATA[EMP_001]]>
              </value>
            </param>
          </params>
          <reporter-output>
          </reporter-output>
        </test-method> <!-- fillEmpDetails -->
        <test-method is-config="true" signature="initialize()[pri:0, instance:Tests.AddEmployee@5d0bf09b]" started-at="2025-04-05T08:37:42 IST" name="initialize" finished-at="2025-04-05T08:37:42 IST" duration-ms="2" status="PASS">
          <reporter-output>
          </reporter-output>
        </test-method> <!-- initialize -->
        <test-method signature="fillEmpDetails(java.lang.String,java.lang.String,java.lang.String,java.lang.String)[pri:2, instance:Tests.AddEmployee@5d0bf09b]" started-at="2025-04-05T08:37:42 IST" name="fillEmpDetails" data-provider="employeeDetails" finished-at="2025-04-05T08:37:52 IST" duration-ms="9388" status="PASS">
          <params>
            <param index="0">
              <value>
                <![CDATA[Suresh]]>
              </value>
            </param>
            <param index="1">
              <value>
                <![CDATA[]]>
              </value>
            </param>
            <param index="2">
              <value>
                <![CDATA[kumar]]>
              </value>
            </param>
            <param index="3">
              <value>
                <![CDATA[EMP_002]]>
              </value>
            </param>
          </params>
          <reporter-output>
          </reporter-output>
        </test-method> <!-- fillEmpDetails -->
        <test-method signature="fillEmpDetails(java.lang.String,java.lang.String,java.lang.String,java.lang.String)[pri:2, instance:Tests.AddEmployee@5d0bf09b]" started-at="2025-04-05T08:37:52 IST" name="fillEmpDetails" data-provider="employeeDetails" finished-at="2025-04-05T08:38:01 IST" duration-ms="9471" status="PASS">
          <params>
            <param index="0">
              <value>
                <![CDATA[Ramesh]]>
              </value>
            </param>
            <param index="1">
              <value>
                <![CDATA[]]>
              </value>
            </param>
            <param index="2">
              <value>
                <![CDATA[kumar]]>
              </value>
            </param>
            <param index="3">
              <value>
                <![CDATA[EMP_003]]>
              </value>
            </param>
          </params>
          <reporter-output>
          </reporter-output>
        </test-method> <!-- fillEmpDetails -->
        <test-method is-config="true" signature="initialize()[pri:0, instance:Tests.AddEmployee@5d0bf09b]" started-at="2025-04-05T08:37:52 IST" name="initialize" finished-at="2025-04-05T08:37:52 IST" duration-ms="0" status="PASS">
          <reporter-output>
          </reporter-output>
        </test-method> <!-- initialize -->
        <test-method is-config="true" signature="initialize()[pri:0, instance:Tests.AddEmployee@5d0bf09b]" started-at="2025-04-05T08:38:01 IST" name="initialize" finished-at="2025-04-05T08:38:01 IST" duration-ms="1" status="PASS">
          <reporter-output>
          </reporter-output>
        </test-method> <!-- initialize -->
        <test-method signature="fillEmpDetails(java.lang.String,java.lang.String,java.lang.String,java.lang.String)[pri:2, instance:Tests.AddEmployee@5d0bf09b]" started-at="2025-04-05T08:38:01 IST" name="fillEmpDetails" data-provider="employeeDetails" finished-at="2025-04-05T08:38:10 IST" duration-ms="9301" status="PASS">
          <params>
            <param index="0">
              <value>
                <![CDATA[Rajesh]]>
              </value>
            </param>
            <param index="1">
              <value>
                <![CDATA[]]>
              </value>
            </param>
            <param index="2">
              <value>
                <![CDATA[kumar]]>
              </value>
            </param>
            <param index="3">
              <value>
                <![CDATA[EMP_004]]>
              </value>
            </param>
          </params>
          <reporter-output>
          </reporter-output>
        </test-method> <!-- fillEmpDetails -->
        <test-method signature="fillEmpDetails(java.lang.String,java.lang.String,java.lang.String,java.lang.String)[pri:2, instance:Tests.AddEmployee@5d0bf09b]" started-at="2025-04-05T08:38:10 IST" name="fillEmpDetails" data-provider="employeeDetails" finished-at="2025-04-05T08:38:20 IST" duration-ms="9799" status="PASS">
          <params>
            <param index="0">
              <value>
                <![CDATA[Ramesh]]>
              </value>
            </param>
            <param index="1">
              <value>
                <![CDATA[sachin]]>
              </value>
            </param>
            <param index="2">
              <value>
                <![CDATA[Tendulkar]]>
              </value>
            </param>
            <param index="3">
              <value>
                <![CDATA[EMP005]]>
              </value>
            </param>
          </params>
          <reporter-output>
          </reporter-output>
        </test-method> <!-- fillEmpDetails -->
        <test-method is-config="true" signature="initialize()[pri:0, instance:Tests.AddEmployee@5d0bf09b]" started-at="2025-04-05T08:38:10 IST" name="initialize" finished-at="2025-04-05T08:38:10 IST" duration-ms="0" status="PASS">
          <reporter-output>
          </reporter-output>
        </test-method> <!-- initialize -->
      </class> <!-- Tests.AddEmployee -->
    </test> <!-- Test -->
  </suite> <!-- Suite -->
</testng-results>
